The system is: Darwin - 19.0.0 - x86_64
Compiling the C compiler identification source file "CMakeCCompilerId.c" succeeded.
Compiler: /usr/local/Cellar/gcc/9.2.0_1/bin/gcc-9 
Build flags: 
Id flags:  

The output was:
0


Compilation of the C compiler identification source "CMakeCCompilerId.c" produced "a.out"

The C compiler identification is GNU, found in "/Users/maksimtrunnikov/Google Диск/02 programming/03 с++_projects/LEXER/cmake-build-debug/CMakeFiles/3.15.3/CompilerIdC/a.out"

Compiling the CXX compiler identification source file "CMakeCXXCompilerId.cpp" succeeded.
Compiler: /usr/local/Cellar/gcc/9.2.0_1/bin/g++-9 
Build flags: 
Id flags:  

The output was:
0


Compilation of the CXX compiler identification source "CMakeCXXCompilerId.cpp" produced "a.out"

The CXX compiler identification is GNU, found in "/Users/maksimtrunnikov/Google Диск/02 programming/03 с++_projects/LEXER/cmake-build-debug/CMakeFiles/3.15.3/CompilerIdCXX/a.out"

Determining if the C compiler works passed with the following output:
Change Dir: /Users/maksimtrunnikov/Google Диск/02 programming/03 с++_projects/LEXER/cmake-build-debug/CMakeFiles/CMakeTmp

Run Build Command(s):/usr/bin/make cmTC_d5558/fast && /Library/Developer/CommandLineTools/usr/bin/make -f CMakeFiles/cmTC_d5558.dir/build.make CMakeFiles/cmTC_d5558.dir/build
Building C object CMakeFiles/cmTC_d5558.dir/testCCompiler.c.o
/usr/local/Cellar/gcc/9.2.0_1/bin/gcc-9   -isysroot /Library/Developer/CommandLineTools/SDKs/MacOSX10.15.sdk   -o CMakeFiles/cmTC_d5558.dir/testCCompiler.c.o   -c "/Users/maksimtrunnikov/Google Диск/02 programming/03 с++_projects/LEXER/cmake-build-debug/CMakeFiles/CMakeTmp/testCCompiler.c"
Linking C executable cmTC_d5558
/Applications/CLion.app/Contents/bin/cmake/mac/bin/cmake -E cmake_link_script CMakeFiles/cmTC_d5558.dir/link.txt --verbose=1
/usr/local/Cellar/gcc/9.2.0_1/bin/gcc-9   -isysroot /Library/Developer/CommandLineTools/SDKs/MacOSX10.15.sdk -Wl,-search_paths_first -Wl,-headerpad_max_install_names   CMakeFiles/cmTC_d5558.dir/testCCompiler.c.o  -o cmTC_d5558 



Detecting C compiler ABI info compiled with the following output:
Change Dir: /Users/maksimtrunnikov/Google Диск/02 programming/03 с++_projects/LEXER/cmake-build-debug/CMakeFiles/CMakeTmp

Run Build Command(s):/usr/bin/make cmTC_a0b85/fast && /Library/Developer/CommandLineTools/usr/bin/make -f CMakeFiles/cmTC_a0b85.dir/build.make CMakeFiles/cmTC_a0b85.dir/build
Building C object CMakeFiles/cmTC_a0b85.dir/CMakeCCompilerABI.c.o
/usr/local/Cellar/gcc/9.2.0_1/bin/gcc-9   -isysroot /Library/Developer/CommandLineTools/SDKs/MacOSX10.15.sdk   -v -Wl,-v -o CMakeFiles/cmTC_a0b85.dir/CMakeCCompilerABI.c.o   -c /Applications/CLion.app/Contents/bin/cmake/mac/share/cmake-3.15/Modules/CMakeCCompilerABI.c
Using built-in specs.
COLLECT_GCC=/usr/local/Cellar/gcc/9.2.0_1/bin/gcc-9
Target: x86_64-apple-darwin19
Configured with: ../configure --build=x86_64-apple-darwin19 --prefix=/usr/local/Cellar/gcc/9.2.0_1 --libdir=/usr/local/Cellar/gcc/9.2.0_1/lib/gcc/9 --disable-nls --enable-checking=release --enable-languages=c,c++,objc,obj-c++,fortran --program-suffix=-9 --with-gmp=/usr/local/opt/gmp --with-mpfr=/usr/local/opt/mpfr --with-mpc=/usr/local/opt/libmpc --with-isl=/usr/local/opt/isl --with-system-zlib --with-pkgversion='Homebrew GCC 9.2.0_1' --with-bugurl=https://github.com/Homebrew/homebrew-core/issues --disable-multilib --with-native-system-header-dir=/usr/include --with-sysroot=/Library/Developer/CommandLineTools/SDKs/MacOSX.sdk
Thread model: posix
gcc version 9.2.0 (Homebrew GCC 9.2.0_1) 
COLLECT_GCC_OPTIONS='-isysroot' '/Library/Developer/CommandLineTools/SDKs/MacOSX10.15.sdk' '-v' '-o' 'CMakeFiles/cmTC_a0b85.dir/CMakeCCompilerABI.c.o' '-c' '-mmacosx-version-min=10.15.0' '-asm_macosx_version_min=10.15' '-mtune=core2'
 /usr/local/Cellar/gcc/9.2.0_1/libexec/gcc/x86_64-apple-darwin19/9.2.0/cc1 -quiet -v -D__DYNAMIC__ -isysroot /Library/Developer/CommandLineTools/SDKs/MacOSX10.15.sdk /Applications/CLion.app/Contents/bin/cmake/mac/share/cmake-3.15/Modules/CMakeCCompilerABI.c -fPIC -quiet -dumpbase CMakeCCompilerABI.c -mmacosx-version-min=10.15.0 -mtune=core2 -auxbase-strip CMakeFiles/cmTC_a0b85.dir/CMakeCCompilerABI.c.o -version -o /var/folders/dj/v69509fd38lcz7_7pn4sf6yr0000gn/T//ccXXy4k5.s
GNU C17 (Homebrew GCC 9.2.0_1) version 9.2.0 (x86_64-apple-darwin19)
	compiled by GNU C version 9.2.0, GMP version 6.1.2, MPFR version 4.0.2, MPC version 1.1.0, isl version isl-0.21-GMP

GGC heuristics: --param ggc-min-expand=100 --param ggc-min-heapsize=131072
ignoring nonexistent directory "/Library/Developer/CommandLineTools/SDKs/MacOSX10.15.sdk/usr/local/include"
ignoring nonexistent directory "/usr/local/Cellar/gcc/9.2.0_1/lib/gcc/9/gcc/x86_64-apple-darwin19/9.2.0/../../../../../../x86_64-apple-darwin19/include"
ignoring nonexistent directory "/Library/Developer/CommandLineTools/SDKs/MacOSX10.15.sdk/Library/Frameworks"
#include "..." search starts here:
#include <...> search starts here:
 /usr/local/Cellar/gcc/9.2.0_1/lib/gcc/9/gcc/x86_64-apple-darwin19/9.2.0/include
 /usr/local/Cellar/gcc/9.2.0_1/lib/gcc/9/gcc/x86_64-apple-darwin19/9.2.0/include-fixed
 /Library/Developer/CommandLineTools/SDKs/MacOSX10.15.sdk/usr/include
 /Library/Developer/CommandLineTools/SDKs/MacOSX10.15.sdk/System/Library/Frameworks
End of search list.
GNU C17 (Homebrew GCC 9.2.0_1) version 9.2.0 (x86_64-apple-darwin19)
	compiled by GNU C version 9.2.0, GMP version 6.1.2, MPFR version 4.0.2, MPC version 1.1.0, isl version isl-0.21-GMP

GGC heuristics: --param ggc-min-expand=100 --param ggc-min-heapsize=131072
Compiler executable checksum: d1d33865e031b96555fa153724f317d0
COLLECT_GCC_OPTIONS='-isysroot' '/Library/Developer/CommandLineTools/SDKs/MacOSX10.15.sdk' '-v' '-o' 'CMakeFiles/cmTC_a0b85.dir/CMakeCCompilerABI.c.o' '-c' '-mmacosx-version-min=10.15.0'  '-mtune=core2'
 as -arch x86_64 -v -force_cpusubtype_ALL -mmacosx-version-min=10.15 -o CMakeFiles/cmTC_a0b85.dir/CMakeCCompilerABI.c.o /var/folders/dj/v69509fd38lcz7_7pn4sf6yr0000gn/T//ccXXy4k5.s
Apple clang version 11.0.0 (clang-1100.0.33.8)
Target: x86_64-apple-darwin19.0.0
Thread model: posix
InstalledDir: /Library/Developer/CommandLineTools/usr/bin
 "/Library/Developer/CommandLineTools/usr/bin/clang" -cc1as -triple x86_64-apple-macosx10.15.0 -filetype obj -main-file-name ccXXy4k5.s -target-cpu penryn -fdebug-compilation-dir /Users/maksimtrunnikov/Google Диск/02 programming/03 с++_projects/LEXER/cmake-build-debug/CMakeFiles/CMakeTmp -dwarf-debug-producer Apple clang version 11.0.0 (clang-1100.0.33.8) -dwarf-version=4 -mrelocation-model pic -o CMakeFiles/cmTC_a0b85.dir/CMakeCCompilerABI.c.o /var/folders/dj/v69509fd38lcz7_7pn4sf6yr0000gn/T//ccXXy4k5.s
COMPILER_PATH=/usr/local/Cellar/gcc/9.2.0_1/libexec/gcc/x86_64-apple-darwin19/9.2.0/:/usr/local/Cellar/gcc/9.2.0_1/libexec/gcc/x86_64-apple-darwin19/9.2.0/:/usr/local/Cellar/gcc/9.2.0_1/libexec/gcc/x86_64-apple-darwin19/:/usr/local/Cellar/gcc/9.2.0_1/lib/gcc/9/gcc/x86_64-apple-darwin19/9.2.0/:/usr/local/Cellar/gcc/9.2.0_1/lib/gcc/9/gcc/x86_64-apple-darwin19/
LIBRARY_PATH=/usr/local/Cellar/gcc/9.2.0_1/lib/gcc/9/gcc/x86_64-apple-darwin19/9.2.0/:/usr/local/Cellar/gcc/9.2.0_1/lib/gcc/9/gcc/x86_64-apple-darwin19/9.2.0/../../../
COLLECT_GCC_OPTIONS='-isysroot' '/Library/Developer/CommandLineTools/SDKs/MacOSX10.15.sdk' '-v' '-o' 'CMakeFiles/cmTC_a0b85.dir/CMakeCCompilerABI.c.o' '-c' '-mmacosx-version-min=10.15.0'  '-mtune=core2'
Linking C executable cmTC_a0b85
/Applications/CLion.app/Contents/bin/cmake/mac/bin/cmake -E cmake_link_script CMakeFiles/cmTC_a0b85.dir/link.txt --verbose=1
/usr/local/Cellar/gcc/9.2.0_1/bin/gcc-9   -isysroot /Library/Developer/CommandLineTools/SDKs/MacOSX10.15.sdk -Wl,-search_paths_first -Wl,-headerpad_max_install_names  -v -Wl,-v CMakeFiles/cmTC_a0b85.dir/CMakeCCompilerABI.c.o  -o cmTC_a0b85 
Using built-in specs.
COLLECT_GCC=/usr/local/Cellar/gcc/9.2.0_1/bin/gcc-9
COLLECT_LTO_WRAPPER=/usr/local/Cellar/gcc/9.2.0_1/libexec/gcc/x86_64-apple-darwin19/9.2.0/lto-wrapper
Target: x86_64-apple-darwin19
Configured with: ../configure --build=x86_64-apple-darwin19 --prefix=/usr/local/Cellar/gcc/9.2.0_1 --libdir=/usr/local/Cellar/gcc/9.2.0_1/lib/gcc/9 --disable-nls --enable-checking=release --enable-languages=c,c++,objc,obj-c++,fortran --program-suffix=-9 --with-gmp=/usr/local/opt/gmp --with-mpfr=/usr/local/opt/mpfr --with-mpc=/usr/local/opt/libmpc --with-isl=/usr/local/opt/isl --with-system-zlib --with-pkgversion='Homebrew GCC 9.2.0_1' --with-bugurl=https://github.com/Homebrew/homebrew-core/issues --disable-multilib --with-native-system-header-dir=/usr/include --with-sysroot=/Library/Developer/CommandLineTools/SDKs/MacOSX.sdk
Thread model: posix
gcc version 9.2.0 (Homebrew GCC 9.2.0_1) 
COMPILER_PATH=/usr/local/Cellar/gcc/9.2.0_1/libexec/gcc/x86_64-apple-darwin19/9.2.0/:/usr/local/Cellar/gcc/9.2.0_1/libexec/gcc/x86_64-apple-darwin19/9.2.0/:/usr/local/Cellar/gcc/9.2.0_1/libexec/gcc/x86_64-apple-darwin19/:/usr/local/Cellar/gcc/9.2.0_1/lib/gcc/9/gcc/x86_64-apple-darwin19/9.2.0/:/usr/local/Cellar/gcc/9.2.0_1/lib/gcc/9/gcc/x86_64-apple-darwin19/
LIBRARY_PATH=/usr/local/Cellar/gcc/9.2.0_1/lib/gcc/9/gcc/x86_64-apple-darwin19/9.2.0/:/usr/local/Cellar/gcc/9.2.0_1/lib/gcc/9/gcc/x86_64-apple-darwin19/9.2.0/../../../
COLLECT_GCC_OPTIONS='-isysroot' '/Library/Developer/CommandLineTools/SDKs/MacOSX10.15.sdk' '-v' '-o' 'cmTC_a0b85' '-mmacosx-version-min=10.15.0' '-asm_macosx_version_min=10.15' '-mtune=core2'
 /usr/local/Cellar/gcc/9.2.0_1/libexec/gcc/x86_64-apple-darwin19/9.2.0/collect2 -dynamic -arch x86_64 -macosx_version_min 10.15.0 -syslibroot /Library/Developer/CommandLineTools/SDKs/MacOSX10.15.sdk -weak_reference_mismatches non-weak -o cmTC_a0b85 -L/usr/local/Cellar/gcc/9.2.0_1/lib/gcc/9/gcc/x86_64-apple-darwin19/9.2.0 -L/usr/local/Cellar/gcc/9.2.0_1/lib/gcc/9/gcc/x86_64-apple-darwin19/9.2.0/../../.. -search_paths_first -headerpad_max_install_names -v CMakeFiles/cmTC_a0b85.dir/CMakeCCompilerABI.c.o -no_compact_unwind -lSystem -lgcc_ext.10.5 -lgcc -lSystem -v
collect2 version 9.2.0
/usr/bin/ld -dynamic -arch x86_64 -macosx_version_min 10.15.0 -syslibroot /Library/Developer/CommandLineTools/SDKs/MacOSX10.15.sdk -weak_reference_mismatches non-weak -o cmTC_a0b85 -L/usr/local/Cellar/gcc/9.2.0_1/lib/gcc/9/gcc/x86_64-apple-darwin19/9.2.0 -L/usr/local/Cellar/gcc/9.2.0_1/lib/gcc/9/gcc/x86_64-apple-darwin19/9.2.0/../../.. -search_paths_first -headerpad_max_install_names -v CMakeFiles/cmTC_a0b85.dir/CMakeCCompilerABI.c.o -no_compact_unwind -lSystem -lgcc_ext.10.5 -lgcc -lSystem -v
@(#)PROGRAM:ld  PROJECT:ld64-512.4
BUILD 05:06:53 Aug 16 2019
configured to support archs: armv6 armv7 armv7s arm64 arm64e arm64_32 i386 x86_64 x86_64h armv6m armv7k armv7m armv7em
@(#)PROGRAM:ld  PROJECT:ld64-512.4
BUILD 05:06:53 Aug 16 2019
configured to support archs: armv6 armv7 armv7s arm64 arm64e arm64_32 i386 x86_64 x86_64h armv6m armv7k armv7m armv7em
Library search paths:
	/usr/local/Cellar/gcc/9.2.0_1/lib/gcc/9/gcc/x86_64-apple-darwin19/9.2.0
	/usr/local/Cellar/gcc/9.2.0_1/lib/gcc/9
	/Library/Developer/CommandLineTools/SDKs/MacOSX10.15.sdk/usr/lib
Framework search paths:
	/Library/Developer/CommandLineTools/SDKs/MacOSX10.15.sdk/System/Library/Frameworks/



Parsed C implicit include dir info from above output: rv=done
  found start of include info
  found start of implicit include info
    add: [/usr/local/Cellar/gcc/9.2.0_1/lib/gcc/9/gcc/x86_64-apple-darwin19/9.2.0/include]
    add: [/usr/local/Cellar/gcc/9.2.0_1/lib/gcc/9/gcc/x86_64-apple-darwin19/9.2.0/include-fixed]
    add: [/Library/Developer/CommandLineTools/SDKs/MacOSX10.15.sdk/usr/include]
    add: [/Library/Developer/CommandLineTools/SDKs/MacOSX10.15.sdk/System/Library/Frameworks]
  end of search list found
  collapse include dir [/usr/local/Cellar/gcc/9.2.0_1/lib/gcc/9/gcc/x86_64-apple-darwin19/9.2.0/include] ==> [/usr/local/Cellar/gcc/9.2.0_1/lib/gcc/9/gcc/x86_64-apple-darwin19/9.2.0/include]
  collapse include dir [/usr/local/Cellar/gcc/9.2.0_1/lib/gcc/9/gcc/x86_64-apple-darwin19/9.2.0/include-fixed] ==> [/usr/local/Cellar/gcc/9.2.0_1/lib/gcc/9/gcc/x86_64-apple-darwin19/9.2.0/include-fixed]
  collapse include dir [/Library/Developer/CommandLineTools/SDKs/MacOSX10.15.sdk/usr/include] ==> [/Library/Developer/CommandLineTools/SDKs/MacOSX10.15.sdk/usr/include]
  collapse include dir [/Library/Developer/CommandLineTools/SDKs/MacOSX10.15.sdk/System/Library/Frameworks] ==> [/Library/Developer/CommandLineTools/SDKs/MacOSX10.15.sdk/System/Library/Frameworks]
  implicit include dirs: [/usr/local/Cellar/gcc/9.2.0_1/lib/gcc/9/gcc/x86_64-apple-darwin19/9.2.0/include;/usr/local/Cellar/gcc/9.2.0_1/lib/gcc/9/gcc/x86_64-apple-darwin19/9.2.0/include-fixed;/Library/Developer/CommandLineTools/SDKs/MacOSX10.15.sdk/usr/include;/Library/Developer/CommandLineTools/SDKs/MacOSX10.15.sdk/System/Library/Frameworks]


Parsed C implicit link information from above output:
  link line regex: [^( *|.*[/\])(ld|CMAKE_LINK_STARTFILE-NOTFOUND|([^/\]+-)?ld|collect2)[^/\]*( |$)]
  ignore line: [Change Dir: /Users/maksimtrunnikov/Google Диск/02 programming/03 с++_projects/LEXER/cmake-build-debug/CMakeFiles/CMakeTmp]
  ignore line: []
  ignore line: [Run Build Command(s):/usr/bin/make cmTC_a0b85/fast && /Library/Developer/CommandLineTools/usr/bin/make -f CMakeFiles/cmTC_a0b85.dir/build.make CMakeFiles/cmTC_a0b85.dir/build]
  ignore line: [Building C object CMakeFiles/cmTC_a0b85.dir/CMakeCCompilerABI.c.o]
  ignore line: [/usr/local/Cellar/gcc/9.2.0_1/bin/gcc-9   -isysroot /Library/Developer/CommandLineTools/SDKs/MacOSX10.15.sdk   -v -Wl,-v -o CMakeFiles/cmTC_a0b85.dir/CMakeCCompilerABI.c.o   -c /Applications/CLion.app/Contents/bin/cmake/mac/share/cmake-3.15/Modules/CMakeCCompilerABI.c]
  ignore line: [Using built-in specs.]
  ignore line: [COLLECT_GCC=/usr/local/Cellar/gcc/9.2.0_1/bin/gcc-9]
  ignore line: [Target: x86_64-apple-darwin19]
  ignore line: [Configured with: ../configure --build=x86_64-apple-darwin19 --prefix=/usr/local/Cellar/gcc/9.2.0_1 --libdir=/usr/local/Cellar/gcc/9.2.0_1/lib/gcc/9 --disable-nls --enable-checking=release --enable-languages=c,c++,objc,obj-c++,fortran --program-suffix=-9 --with-gmp=/usr/local/opt/gmp --with-mpfr=/usr/local/opt/mpfr --with-mpc=/usr/local/opt/libmpc --with-isl=/usr/local/opt/isl --with-system-zlib --with-pkgversion='Homebrew GCC 9.2.0_1' --with-bugurl=https://github.com/Homebrew/homebrew-core/issues --disable-multilib --with-native-system-header-dir=/usr/include --with-sysroot=/Library/Developer/CommandLineTools/SDKs/MacOSX.sdk]
  ignore line: [Thread model: posix]
  ignore line: [gcc version 9.2.0 (Homebrew GCC 9.2.0_1) ]
  ignore line: [COLLECT_GCC_OPTIONS='-isysroot' '/Library/Developer/CommandLineTools/SDKs/MacOSX10.15.sdk' '-v' '-o' 'CMakeFiles/cmTC_a0b85.dir/CMakeCCompilerABI.c.o' '-c' '-mmacosx-version-min=10.15.0' '-asm_macosx_version_min=10.15' '-mtune=core2']
  ignore line: [ /usr/local/Cellar/gcc/9.2.0_1/libexec/gcc/x86_64-apple-darwin19/9.2.0/cc1 -quiet -v -D__DYNAMIC__ -isysroot /Library/Developer/CommandLineTools/SDKs/MacOSX10.15.sdk /Applications/CLion.app/Contents/bin/cmake/mac/share/cmake-3.15/Modules/CMakeCCompilerABI.c -fPIC -quiet -dumpbase CMakeCCompilerABI.c -mmacosx-version-min=10.15.0 -mtune=core2 -auxbase-strip CMakeFiles/cmTC_a0b85.dir/CMakeCCompilerABI.c.o -version -o /var/folders/dj/v69509fd38lcz7_7pn4sf6yr0000gn/T//ccXXy4k5.s]
  ignore line: [GNU C17 (Homebrew GCC 9.2.0_1) version 9.2.0 (x86_64-apple-darwin19)]
  ignore line: [	compiled by GNU C version 9.2.0, GMP version 6.1.2, MPFR version 4.0.2, MPC version 1.1.0, isl version isl-0.21-GMP]
  ignore line: []
  ignore line: [GGC heuristics: --param ggc-min-expand=100 --param ggc-min-heapsize=131072]
  ignore line: [ignoring nonexistent directory "/Library/Developer/CommandLineTools/SDKs/MacOSX10.15.sdk/usr/local/include"]
  ignore line: [ignoring nonexistent directory "/usr/local/Cellar/gcc/9.2.0_1/lib/gcc/9/gcc/x86_64-apple-darwin19/9.2.0/../../../../../../x86_64-apple-darwin19/include"]
  ignore line: [ignoring nonexistent directory "/Library/Developer/CommandLineTools/SDKs/MacOSX10.15.sdk/Library/Frameworks"]
  ignore line: [#include "..." search starts here:]
  ignore line: [#include <...> search starts here:]
  ignore line: [ /usr/local/Cellar/gcc/9.2.0_1/lib/gcc/9/gcc/x86_64-apple-darwin19/9.2.0/include]
  ignore line: [ /usr/local/Cellar/gcc/9.2.0_1/lib/gcc/9/gcc/x86_64-apple-darwin19/9.2.0/include-fixed]
  ignore line: [ /Library/Developer/CommandLineTools/SDKs/MacOSX10.15.sdk/usr/include]
  ignore line: [ /Library/Developer/CommandLineTools/SDKs/MacOSX10.15.sdk/System/Library/Frameworks]
  ignore line: [End of search list.]
  ignore line: [GNU C17 (Homebrew GCC 9.2.0_1) version 9.2.0 (x86_64-apple-darwin19)]
  ignore line: [	compiled by GNU C version 9.2.0, GMP version 6.1.2, MPFR version 4.0.2, MPC version 1.1.0, isl version isl-0.21-GMP]
  ignore line: []
  ignore line: [GGC heuristics: --param ggc-min-expand=100 --param ggc-min-heapsize=131072]
  ignore line: [Compiler executable checksum: d1d33865e031b96555fa153724f317d0]
  ignore line: [COLLECT_GCC_OPTIONS='-isysroot' '/Library/Developer/CommandLineTools/SDKs/MacOSX10.15.sdk' '-v' '-o' 'CMakeFiles/cmTC_a0b85.dir/CMakeCCompilerABI.c.o' '-c' '-mmacosx-version-min=10.15.0'  '-mtune=core2']
  ignore line: [ as -arch x86_64 -v -force_cpusubtype_ALL -mmacosx-version-min=10.15 -o CMakeFiles/cmTC_a0b85.dir/CMakeCCompilerABI.c.o /var/folders/dj/v69509fd38lcz7_7pn4sf6yr0000gn/T//ccXXy4k5.s]
  ignore line: [Apple clang version 11.0.0 (clang-1100.0.33.8)]
  ignore line: [Target: x86_64-apple-darwin19.0.0]
  ignore line: [Thread model: posix]
  ignore line: [InstalledDir: /Library/Developer/CommandLineTools/usr/bin]
  ignore line: [ "/Library/Developer/CommandLineTools/usr/bin/clang" -cc1as -triple x86_64-apple-macosx10.15.0 -filetype obj -main-file-name ccXXy4k5.s -target-cpu penryn -fdebug-compilation-dir /Users/maksimtrunnikov/Google Диск/02 programming/03 с++_projects/LEXER/cmake-build-debug/CMakeFiles/CMakeTmp -dwarf-debug-producer Apple clang version 11.0.0 (clang-1100.0.33.8) -dwarf-version=4 -mrelocation-model pic -o CMakeFiles/cmTC_a0b85.dir/CMakeCCompilerABI.c.o /var/folders/dj/v69509fd38lcz7_7pn4sf6yr0000gn/T//ccXXy4k5.s]
  ignore line: [COMPILER_PATH=/usr/local/Cellar/gcc/9.2.0_1/libexec/gcc/x86_64-apple-darwin19/9.2.0/:/usr/local/Cellar/gcc/9.2.0_1/libexec/gcc/x86_64-apple-darwin19/9.2.0/:/usr/local/Cellar/gcc/9.2.0_1/libexec/gcc/x86_64-apple-darwin19/:/usr/local/Cellar/gcc/9.2.0_1/lib/gcc/9/gcc/x86_64-apple-darwin19/9.2.0/:/usr/local/Cellar/gcc/9.2.0_1/lib/gcc/9/gcc/x86_64-apple-darwin19/]
  ignore line: [LIBRARY_PATH=/usr/local/Cellar/gcc/9.2.0_1/lib/gcc/9/gcc/x86_64-apple-darwin19/9.2.0/:/usr/local/Cellar/gcc/9.2.0_1/lib/gcc/9/gcc/x86_64-apple-darwin19/9.2.0/../../../]
  ignore line: [COLLECT_GCC_OPTIONS='-isysroot' '/Library/Developer/CommandLineTools/SDKs/MacOSX10.15.sdk' '-v' '-o' 'CMakeFiles/cmTC_a0b85.dir/CMakeCCompilerABI.c.o' '-c' '-mmacosx-version-min=10.15.0'  '-mtune=core2']
  ignore line: [Linking C executable cmTC_a0b85]
  ignore line: [/Applications/CLion.app/Contents/bin/cmake/mac/bin/cmake -E cmake_link_script CMakeFiles/cmTC_a0b85.dir/link.txt --verbose=1]
  ignore line: [/usr/local/Cellar/gcc/9.2.0_1/bin/gcc-9   -isysroot /Library/Developer/CommandLineTools/SDKs/MacOSX10.15.sdk -Wl,-search_paths_first -Wl,-headerpad_max_install_names  -v -Wl,-v CMakeFiles/cmTC_a0b85.dir/CMakeCCompilerABI.c.o  -o cmTC_a0b85 ]
  ignore line: [Using built-in specs.]
  ignore line: [COLLECT_GCC=/usr/local/Cellar/gcc/9.2.0_1/bin/gcc-9]
  ignore line: [COLLECT_LTO_WRAPPER=/usr/local/Cellar/gcc/9.2.0_1/libexec/gcc/x86_64-apple-darwin19/9.2.0/lto-wrapper]
  ignore line: [Target: x86_64-apple-darwin19]
  ignore line: [Configured with: ../configure --build=x86_64-apple-darwin19 --prefix=/usr/local/Cellar/gcc/9.2.0_1 --libdir=/usr/local/Cellar/gcc/9.2.0_1/lib/gcc/9 --disable-nls --enable-checking=release --enable-languages=c,c++,objc,obj-c++,fortran --program-suffix=-9 --with-gmp=/usr/local/opt/gmp --with-mpfr=/usr/local/opt/mpfr --with-mpc=/usr/local/opt/libmpc --with-isl=/usr/local/opt/isl --with-system-zlib --with-pkgversion='Homebrew GCC 9.2.0_1' --with-bugurl=https://github.com/Homebrew/homebrew-core/issues --disable-multilib --with-native-system-header-dir=/usr/include --with-sysroot=/Library/Developer/CommandLineTools/SDKs/MacOSX.sdk]
  ignore line: [Thread model: posix]
  ignore line: [gcc version 9.2.0 (Homebrew GCC 9.2.0_1) ]
  ignore line: [COMPILER_PATH=/usr/local/Cellar/gcc/9.2.0_1/libexec/gcc/x86_64-apple-darwin19/9.2.0/:/usr/local/Cellar/gcc/9.2.0_1/libexec/gcc/x86_64-apple-darwin19/9.2.0/:/usr/local/Cellar/gcc/9.2.0_1/libexec/gcc/x86_64-apple-darwin19/:/usr/local/Cellar/gcc/9.2.0_1/lib/gcc/9/gcc/x86_64-apple-darwin19/9.2.0/:/usr/local/Cellar/gcc/9.2.0_1/lib/gcc/9/gcc/x86_64-apple-darwin19/]
  ignore line: [LIBRARY_PATH=/usr/local/Cellar/gcc/9.2.0_1/lib/gcc/9/gcc/x86_64-apple-darwin19/9.2.0/:/usr/local/Cellar/gcc/9.2.0_1/lib/gcc/9/gcc/x86_64-apple-darwin19/9.2.0/../../../]
  ignore line: [COLLECT_GCC_OPTIONS='-isysroot' '/Library/Developer/CommandLineTools/SDKs/MacOSX10.15.sdk' '-v' '-o' 'cmTC_a0b85' '-mmacosx-version-min=10.15.0' '-asm_macosx_version_min=10.15' '-mtune=core2']
  link line: [ /usr/local/Cellar/gcc/9.2.0_1/libexec/gcc/x86_64-apple-darwin19/9.2.0/collect2 -dynamic -arch x86_64 -macosx_version_min 10.15.0 -syslibroot /Library/Developer/CommandLineTools/SDKs/MacOSX10.15.sdk -weak_reference_mismatches non-weak -o cmTC_a0b85 -L/usr/local/Cellar/gcc/9.2.0_1/lib/gcc/9/gcc/x86_64-apple-darwin19/9.2.0 -L/usr/local/Cellar/gcc/9.2.0_1/lib/gcc/9/gcc/x86_64-apple-darwin19/9.2.0/../../.. -search_paths_first -headerpad_max_install_names -v CMakeFiles/cmTC_a0b85.dir/CMakeCCompilerABI.c.o -no_compact_unwind -lSystem -lgcc_ext.10.5 -lgcc -lSystem -v]
    arg [/usr/local/Cellar/gcc/9.2.0_1/libexec/gcc/x86_64-apple-darwin19/9.2.0/collect2] ==> ignore
    arg [-dynamic] ==> ignore
    arg [-arch] ==> ignore
    arg [x86_64] ==> ignore
    arg [-macosx_version_min] ==> ignore
    arg [10.15.0] ==> ignore
    arg [-syslibroot] ==> ignore
    arg [/Library/Developer/CommandLineTools/SDKs/MacOSX10.15.sdk] ==> ignore
    arg [-weak_reference_mismatches] ==> ignore
    arg [non-weak] ==> ignore
    arg [-o] ==> ignore
    arg [cmTC_a0b85] ==> ignore
    arg [-L/usr/local/Cellar/gcc/9.2.0_1/lib/gcc/9/gcc/x86_64-apple-darwin19/9.2.0] ==> dir [/usr/local/Cellar/gcc/9.2.0_1/lib/gcc/9/gcc/x86_64-apple-darwin19/9.2.0]
    arg [-L/usr/local/Cellar/gcc/9.2.0_1/lib/gcc/9/gcc/x86_64-apple-darwin19/9.2.0/../../..] ==> dir [/usr/local/Cellar/gcc/9.2.0_1/lib/gcc/9/gcc/x86_64-apple-darwin19/9.2.0/../../..]
    arg [-search_paths_first] ==> ignore
    arg [-headerpad_max_install_names] ==> ignore
    arg [-v] ==> ignore
    arg [CMakeFiles/cmTC_a0b85.dir/CMakeCCompilerABI.c.o] ==> ignore
    arg [-no_compact_unwind] ==> ignore
    arg [-lSystem] ==> lib [System]
    arg [-lgcc_ext.10.5] ==> lib [gcc_ext.10.5]
    arg [-lgcc] ==> lib [gcc]
    arg [-lSystem] ==> lib [System]
    arg [-v] ==> ignore
  Library search paths: [;/usr/local/Cellar/gcc/9.2.0_1/lib/gcc/9/gcc/x86_64-apple-darwin19/9.2.0;/usr/local/Cellar/gcc/9.2.0_1/lib/gcc/9;/Library/Developer/CommandLineTools/SDKs/MacOSX10.15.sdk/usr/lib]
  Framework search paths: [;/Library/Developer/CommandLineTools/SDKs/MacOSX10.15.sdk/System/Library/Frameworks/]
  remove lib [System]
  remove lib [System]
  collapse library dir [/usr/local/Cellar/gcc/9.2.0_1/lib/gcc/9/gcc/x86_64-apple-darwin19/9.2.0] ==> [/usr/local/Cellar/gcc/9.2.0_1/lib/gcc/9/gcc/x86_64-apple-darwin19/9.2.0]
  collapse library dir [/usr/local/Cellar/gcc/9.2.0_1/lib/gcc/9/gcc/x86_64-apple-darwin19/9.2.0/../../..] ==> [/usr/local/Cellar/gcc/9.2.0_1/lib/gcc/9]
  collapse library dir [/usr/local/Cellar/gcc/9.2.0_1/lib/gcc/9/gcc/x86_64-apple-darwin19/9.2.0] ==> [/usr/local/Cellar/gcc/9.2.0_1/lib/gcc/9/gcc/x86_64-apple-darwin19/9.2.0]
  collapse library dir [/usr/local/Cellar/gcc/9.2.0_1/lib/gcc/9] ==> [/usr/local/Cellar/gcc/9.2.0_1/lib/gcc/9]
  collapse library dir [/Library/Developer/CommandLineTools/SDKs/MacOSX10.15.sdk/usr/lib] ==> [/Library/Developer/CommandLineTools/SDKs/MacOSX10.15.sdk/usr/lib]
  collapse framework dir [/Library/Developer/CommandLineTools/SDKs/MacOSX10.15.sdk/System/Library/Frameworks/] ==> [/Library/Developer/CommandLineTools/SDKs/MacOSX10.15.sdk/System/Library/Frameworks]
  implicit libs: [gcc_ext.10.5;gcc]
  implicit dirs: [/usr/local/Cellar/gcc/9.2.0_1/lib/gcc/9/gcc/x86_64-apple-darwin19/9.2.0;/usr/local/Cellar/gcc/9.2.0_1/lib/gcc/9;/Library/Developer/CommandLineTools/SDKs/MacOSX10.15.sdk/usr/lib]
  implicit fwks: [/Library/Developer/CommandLineTools/SDKs/MacOSX10.15.sdk/System/Library/Frameworks]


Determining if the CXX compiler works passed with the following output:
Change Dir: /Users/maksimtrunnikov/Google Диск/02 programming/03 с++_projects/LEXER/cmake-build-debug/CMakeFiles/CMakeTmp

Run Build Command(s):/usr/bin/make cmTC_f8775/fast && /Library/Developer/CommandLineTools/usr/bin/make -f CMakeFiles/cmTC_f8775.dir/build.make CMakeFiles/cmTC_f8775.dir/build
Building CXX object CMakeFiles/cmTC_f8775.dir/testCXXCompiler.cxx.o
/usr/local/Cellar/gcc/9.2.0_1/bin/g++-9    -isysroot /Library/Developer/CommandLineTools/SDKs/MacOSX10.15.sdk   -o CMakeFiles/cmTC_f8775.dir/testCXXCompiler.cxx.o -c "/Users/maksimtrunnikov/Google Диск/02 programming/03 с++_projects/LEXER/cmake-build-debug/CMakeFiles/CMakeTmp/testCXXCompiler.cxx"
Linking CXX executable cmTC_f8775
/Applications/CLion.app/Contents/bin/cmake/mac/bin/cmake -E cmake_link_script CMakeFiles/cmTC_f8775.dir/link.txt --verbose=1
/usr/local/Cellar/gcc/9.2.0_1/bin/g++-9    -isysroot /Library/Developer/CommandLineTools/SDKs/MacOSX10.15.sdk -Wl,-search_paths_first -Wl,-headerpad_max_install_names   CMakeFiles/cmTC_f8775.dir/testCXXCompiler.cxx.o  -o cmTC_f8775 



Detecting CXX compiler ABI info compiled with the following output:
Change Dir: /Users/maksimtrunnikov/Google Диск/02 programming/03 с++_projects/LEXER/cmake-build-debug/CMakeFiles/CMakeTmp

Run Build Command(s):/usr/bin/make cmTC_6c25b/fast && /Library/Developer/CommandLineTools/usr/bin/make -f CMakeFiles/cmTC_6c25b.dir/build.make CMakeFiles/cmTC_6c25b.dir/build
Building CXX object CMakeFiles/cmTC_6c25b.dir/CMakeCXXCompilerABI.cpp.o
/usr/local/Cellar/gcc/9.2.0_1/bin/g++-9    -isysroot /Library/Developer/CommandLineTools/SDKs/MacOSX10.15.sdk   -v -Wl,-v -o CMakeFiles/cmTC_6c25b.dir/CMakeCXXCompilerABI.cpp.o -c /Applications/CLion.app/Contents/bin/cmake/mac/share/cmake-3.15/Modules/CMakeCXXCompilerABI.cpp
Using built-in specs.
COLLECT_GCC=/usr/local/Cellar/gcc/9.2.0_1/bin/g++-9
Target: x86_64-apple-darwin19
Configured with: ../configure --build=x86_64-apple-darwin19 --prefix=/usr/local/Cellar/gcc/9.2.0_1 --libdir=/usr/local/Cellar/gcc/9.2.0_1/lib/gcc/9 --disable-nls --enable-checking=release --enable-languages=c,c++,objc,obj-c++,fortran --program-suffix=-9 --with-gmp=/usr/local/opt/gmp --with-mpfr=/usr/local/opt/mpfr --with-mpc=/usr/local/opt/libmpc --with-isl=/usr/local/opt/isl --with-system-zlib --with-pkgversion='Homebrew GCC 9.2.0_1' --with-bugurl=https://github.com/Homebrew/homebrew-core/issues --disable-multilib --with-native-system-header-dir=/usr/include --with-sysroot=/Library/Developer/CommandLineTools/SDKs/MacOSX.sdk
Thread model: posix
gcc version 9.2.0 (Homebrew GCC 9.2.0_1) 
COLLECT_GCC_OPTIONS='-isysroot' '/Library/Developer/CommandLineTools/SDKs/MacOSX10.15.sdk' '-v' '-o' 'CMakeFiles/cmTC_6c25b.dir/CMakeCXXCompilerABI.cpp.o' '-c' '-mmacosx-version-min=10.15.0' '-asm_macosx_version_min=10.15' '-shared-libgcc' '-mtune=core2'
 /usr/local/Cellar/gcc/9.2.0_1/libexec/gcc/x86_64-apple-darwin19/9.2.0/cc1plus -quiet -v -D__DYNAMIC__ -isysroot /Library/Developer/CommandLineTools/SDKs/MacOSX10.15.sdk /Applications/CLion.app/Contents/bin/cmake/mac/share/cmake-3.15/Modules/CMakeCXXCompilerABI.cpp -fPIC -quiet -dumpbase CMakeCXXCompilerABI.cpp -mmacosx-version-min=10.15.0 -mtune=core2 -auxbase-strip CMakeFiles/cmTC_6c25b.dir/CMakeCXXCompilerABI.cpp.o -version -o /var/folders/dj/v69509fd38lcz7_7pn4sf6yr0000gn/T//cca2nxP0.s
GNU C++14 (Homebrew GCC 9.2.0_1) version 9.2.0 (x86_64-apple-darwin19)
	compiled by GNU C version 9.2.0, GMP version 6.1.2, MPFR version 4.0.2, MPC version 1.1.0, isl version isl-0.21-GMP

GGC heuristics: --param ggc-min-expand=100 --param ggc-min-heapsize=131072
ignoring nonexistent directory "/Library/Developer/CommandLineTools/SDKs/MacOSX10.15.sdk/usr/local/include"
ignoring nonexistent directory "/usr/local/Cellar/gcc/9.2.0_1/lib/gcc/9/gcc/x86_64-apple-darwin19/9.2.0/../../../../../../x86_64-apple-darwin19/include"
ignoring nonexistent directory "/Library/Developer/CommandLineTools/SDKs/MacOSX10.15.sdk/Library/Frameworks"
#include "..." search starts here:
#include <...> search starts here:
 /usr/local/Cellar/gcc/9.2.0_1/lib/gcc/9/gcc/x86_64-apple-darwin19/9.2.0/../../../../../../include/c++/9.2.0
 /usr/local/Cellar/gcc/9.2.0_1/lib/gcc/9/gcc/x86_64-apple-darwin19/9.2.0/../../../../../../include/c++/9.2.0/x86_64-apple-darwin19
 /usr/local/Cellar/gcc/9.2.0_1/lib/gcc/9/gcc/x86_64-apple-darwin19/9.2.0/../../../../../../include/c++/9.2.0/backward
 /usr/local/Cellar/gcc/9.2.0_1/lib/gcc/9/gcc/x86_64-apple-darwin19/9.2.0/include
 /usr/local/Cellar/gcc/9.2.0_1/lib/gcc/9/gcc/x86_64-apple-darwin19/9.2.0/include-fixed
 /Library/Developer/CommandLineTools/SDKs/MacOSX10.15.sdk/usr/include
 /Library/Developer/CommandLineTools/SDKs/MacOSX10.15.sdk/System/Library/Frameworks
End of search list.
GNU C++14 (Homebrew GCC 9.2.0_1) version 9.2.0 (x86_64-apple-darwin19)
	compiled by GNU C version 9.2.0, GMP version 6.1.2, MPFR version 4.0.2, MPC version 1.1.0, isl version isl-0.21-GMP

GGC heuristics: --param ggc-min-expand=100 --param ggc-min-heapsize=131072
Compiler executable checksum: a16b30ce41f29dc0a91ee490652744d7
COLLECT_GCC_OPTIONS='-isysroot' '/Library/Developer/CommandLineTools/SDKs/MacOSX10.15.sdk' '-v' '-o' 'CMakeFiles/cmTC_6c25b.dir/CMakeCXXCompilerABI.cpp.o' '-c' '-mmacosx-version-min=10.15.0'  '-shared-libgcc' '-mtune=core2'
 as -arch x86_64 -v -force_cpusubtype_ALL -mmacosx-version-min=10.15 -o CMakeFiles/cmTC_6c25b.dir/CMakeCXXCompilerABI.cpp.o /var/folders/dj/v69509fd38lcz7_7pn4sf6yr0000gn/T//cca2nxP0.s
Apple clang version 11.0.0 (clang-1100.0.33.8)
Target: x86_64-apple-darwin19.0.0
Thread model: posix
InstalledDir: /Library/Developer/CommandLineTools/usr/bin
 "/Library/Developer/CommandLineTools/usr/bin/clang" -cc1as -triple x86_64-apple-macosx10.15.0 -filetype obj -main-file-name cca2nxP0.s -target-cpu penryn -fdebug-compilation-dir /Users/maksimtrunnikov/Google Диск/02 programming/03 с++_projects/LEXER/cmake-build-debug/CMakeFiles/CMakeTmp -dwarf-debug-producer Apple clang version 11.0.0 (clang-1100.0.33.8) -dwarf-version=4 -mrelocation-model pic -o CMakeFiles/cmTC_6c25b.dir/CMakeCXXCompilerABI.cpp.o /var/folders/dj/v69509fd38lcz7_7pn4sf6yr0000gn/T//cca2nxP0.s
COMPILER_PATH=/usr/local/Cellar/gcc/9.2.0_1/libexec/gcc/x86_64-apple-darwin19/9.2.0/:/usr/local/Cellar/gcc/9.2.0_1/libexec/gcc/x86_64-apple-darwin19/9.2.0/:/usr/local/Cellar/gcc/9.2.0_1/libexec/gcc/x86_64-apple-darwin19/:/usr/local/Cellar/gcc/9.2.0_1/lib/gcc/9/gcc/x86_64-apple-darwin19/9.2.0/:/usr/local/Cellar/gcc/9.2.0_1/lib/gcc/9/gcc/x86_64-apple-darwin19/
LIBRARY_PATH=/usr/local/Cellar/gcc/9.2.0_1/lib/gcc/9/gcc/x86_64-apple-darwin19/9.2.0/:/usr/local/Cellar/gcc/9.2.0_1/lib/gcc/9/gcc/x86_64-apple-darwin19/9.2.0/../../../
COLLECT_GCC_OPTIONS='-isysroot' '/Library/Developer/CommandLineTools/SDKs/MacOSX10.15.sdk' '-v' '-o' 'CMakeFiles/cmTC_6c25b.dir/CMakeCXXCompilerABI.cpp.o' '-c' '-mmacosx-version-min=10.15.0'  '-shared-libgcc' '-mtune=core2'
Linking CXX executable cmTC_6c25b
/Applications/CLion.app/Contents/bin/cmake/mac/bin/cmake -E cmake_link_script CMakeFiles/cmTC_6c25b.dir/link.txt --verbose=1
/usr/local/Cellar/gcc/9.2.0_1/bin/g++-9    -isysroot /Library/Developer/CommandLineTools/SDKs/MacOSX10.15.sdk -Wl,-search_paths_first -Wl,-headerpad_max_install_names  -v -Wl,-v CMakeFiles/cmTC_6c25b.dir/CMakeCXXCompilerABI.cpp.o  -o cmTC_6c25b 
Using built-in specs.
COLLECT_GCC=/usr/local/Cellar/gcc/9.2.0_1/bin/g++-9
COLLECT_LTO_WRAPPER=/usr/local/Cellar/gcc/9.2.0_1/libexec/gcc/x86_64-apple-darwin19/9.2.0/lto-wrapper
Target: x86_64-apple-darwin19
Configured with: ../configure --build=x86_64-apple-darwin19 --prefix=/usr/local/Cellar/gcc/9.2.0_1 --libdir=/usr/local/Cellar/gcc/9.2.0_1/lib/gcc/9 --disable-nls --enable-checking=release --enable-languages=c,c++,objc,obj-c++,fortran --program-suffix=-9 --with-gmp=/usr/local/opt/gmp --with-mpfr=/usr/local/opt/mpfr --with-mpc=/usr/local/opt/libmpc --with-isl=/usr/local/opt/isl --with-system-zlib --with-pkgversion='Homebrew GCC 9.2.0_1' --with-bugurl=https://github.com/Homebrew/homebrew-core/issues --disable-multilib --with-native-system-header-dir=/usr/include --with-sysroot=/Library/Developer/CommandLineTools/SDKs/MacOSX.sdk
Thread model: posix
gcc version 9.2.0 (Homebrew GCC 9.2.0_1) 
COMPILER_PATH=/usr/local/Cellar/gcc/9.2.0_1/libexec/gcc/x86_64-apple-darwin19/9.2.0/:/usr/local/Cellar/gcc/9.2.0_1/libexec/gcc/x86_64-apple-darwin19/9.2.0/:/usr/local/Cellar/gcc/9.2.0_1/libexec/gcc/x86_64-apple-darwin19/:/usr/local/Cellar/gcc/9.2.0_1/lib/gcc/9/gcc/x86_64-apple-darwin19/9.2.0/:/usr/local/Cellar/gcc/9.2.0_1/lib/gcc/9/gcc/x86_64-apple-darwin19/
LIBRARY_PATH=/usr/local/Cellar/gcc/9.2.0_1/lib/gcc/9/gcc/x86_64-apple-darwin19/9.2.0/:/usr/local/Cellar/gcc/9.2.0_1/lib/gcc/9/gcc/x86_64-apple-darwin19/9.2.0/../../../
COLLECT_GCC_OPTIONS='-isysroot' '/Library/Developer/CommandLineTools/SDKs/MacOSX10.15.sdk' '-v' '-o' 'cmTC_6c25b' '-mmacosx-version-min=10.15.0' '-asm_macosx_version_min=10.15' '-shared-libgcc' '-mtune=core2'
 /usr/local/Cellar/gcc/9.2.0_1/libexec/gcc/x86_64-apple-darwin19/9.2.0/collect2 -dynamic -arch x86_64 -macosx_version_min 10.15.0 -syslibroot /Library/Developer/CommandLineTools/SDKs/MacOSX10.15.sdk -weak_reference_mismatches non-weak -o cmTC_6c25b -L/usr/local/Cellar/gcc/9.2.0_1/lib/gcc/9/gcc/x86_64-apple-darwin19/9.2.0 -L/usr/local/Cellar/gcc/9.2.0_1/lib/gcc/9/gcc/x86_64-apple-darwin19/9.2.0/../../.. -search_paths_first -headerpad_max_install_names -v CMakeFiles/cmTC_6c25b.dir/CMakeCXXCompilerABI.cpp.o -lstdc++ -no_compact_unwind -lSystem -lgcc_ext.10.5 -lgcc -lSystem -v
collect2 version 9.2.0
/usr/bin/ld -dynamic -arch x86_64 -macosx_version_min 10.15.0 -syslibroot /Library/Developer/CommandLineTools/SDKs/MacOSX10.15.sdk -weak_reference_mismatches non-weak -o cmTC_6c25b -L/usr/local/Cellar/gcc/9.2.0_1/lib/gcc/9/gcc/x86_64-apple-darwin19/9.2.0 -L/usr/local/Cellar/gcc/9.2.0_1/lib/gcc/9/gcc/x86_64-apple-darwin19/9.2.0/../../.. -search_paths_first -headerpad_max_install_names -v CMakeFiles/cmTC_6c25b.dir/CMakeCXXCompilerABI.cpp.o -lstdc++ -no_compact_unwind -lSystem -lgcc_ext.10.5 -lgcc -lSystem -v
@(#)PROGRAM:ld  PROJECT:ld64-512.4
BUILD 05:06:53 Aug 16 2019
configured to support archs: armv6 armv7 armv7s arm64 arm64e arm64_32 i386 x86_64 x86_64h armv6m armv7k armv7m armv7em
@(#)PROGRAM:ld  PROJECT:ld64-512.4
BUILD 05:06:53 Aug 16 2019
configured to support archs: armv6 armv7 armv7s arm64 arm64e arm64_32 i386 x86_64 x86_64h armv6m armv7k armv7m armv7em
Library search paths:
	/usr/local/Cellar/gcc/9.2.0_1/lib/gcc/9/gcc/x86_64-apple-darwin19/9.2.0
	/usr/local/Cellar/gcc/9.2.0_1/lib/gcc/9
	/Library/Developer/CommandLineTools/SDKs/MacOSX10.15.sdk/usr/lib
Framework search paths:
	/Library/Developer/CommandLineTools/SDKs/MacOSX10.15.sdk/System/Library/Frameworks/



Parsed CXX implicit include dir info from above output: rv=done
  found start of include info
  found start of implicit include info
    add: [/usr/local/Cellar/gcc/9.2.0_1/lib/gcc/9/gcc/x86_64-apple-darwin19/9.2.0/../../../../../../include/c++/9.2.0]
    add: [/usr/local/Cellar/gcc/9.2.0_1/lib/gcc/9/gcc/x86_64-apple-darwin19/9.2.0/../../../../../../include/c++/9.2.0/x86_64-apple-darwin19]
    add: [/usr/local/Cellar/gcc/9.2.0_1/lib/gcc/9/gcc/x86_64-apple-darwin19/9.2.0/../../../../../../include/c++/9.2.0/backward]
    add: [/usr/local/Cellar/gcc/9.2.0_1/lib/gcc/9/gcc/x86_64-apple-darwin19/9.2.0/include]
    add: [/usr/local/Cellar/gcc/9.2.0_1/lib/gcc/9/gcc/x86_64-apple-darwin19/9.2.0/include-fixed]
    add: [/Library/Developer/CommandLineTools/SDKs/MacOSX10.15.sdk/usr/include]
    add: [/Library/Developer/CommandLineTools/SDKs/MacOSX10.15.sdk/System/Library/Frameworks]
  end of search list found
  collapse include dir [/usr/local/Cellar/gcc/9.2.0_1/lib/gcc/9/gcc/x86_64-apple-darwin19/9.2.0/../../../../../../include/c++/9.2.0] ==> [/usr/local/Cellar/gcc/9.2.0_1/include/c++/9.2.0]
  collapse include dir [/usr/local/Cellar/gcc/9.2.0_1/lib/gcc/9/gcc/x86_64-apple-darwin19/9.2.0/../../../../../../include/c++/9.2.0/x86_64-apple-darwin19] ==> [/usr/local/Cellar/gcc/9.2.0_1/include/c++/9.2.0/x86_64-apple-darwin19]
  collapse include dir [/usr/local/Cellar/gcc/9.2.0_1/lib/gcc/9/gcc/x86_64-apple-darwin19/9.2.0/../../../../../../include/c++/9.2.0/backward] ==> [/usr/local/Cellar/gcc/9.2.0_1/include/c++/9.2.0/backward]
  collapse include dir [/usr/local/Cellar/gcc/9.2.0_1/lib/gcc/9/gcc/x86_64-apple-darwin19/9.2.0/include] ==> [/usr/local/Cellar/gcc/9.2.0_1/lib/gcc/9/gcc/x86_64-apple-darwin19/9.2.0/include]
  collapse include dir [/usr/local/Cellar/gcc/9.2.0_1/lib/gcc/9/gcc/x86_64-apple-darwin19/9.2.0/include-fixed] ==> [/usr/local/Cellar/gcc/9.2.0_1/lib/gcc/9/gcc/x86_64-apple-darwin19/9.2.0/include-fixed]
  collapse include dir [/Library/Developer/CommandLineTools/SDKs/MacOSX10.15.sdk/usr/include] ==> [/Library/Developer/CommandLineTools/SDKs/MacOSX10.15.sdk/usr/include]
  collapse include dir [/Library/Developer/CommandLineTools/SDKs/MacOSX10.15.sdk/System/Library/Frameworks] ==> [/Library/Developer/CommandLineTools/SDKs/MacOSX10.15.sdk/System/Library/Frameworks]
  implicit include dirs: [/usr/local/Cellar/gcc/9.2.0_1/include/c++/9.2.0;/usr/local/Cellar/gcc/9.2.0_1/include/c++/9.2.0/x86_64-apple-darwin19;/usr/local/Cellar/gcc/9.2.0_1/include/c++/9.2.0/backward;/usr/local/Cellar/gcc/9.2.0_1/lib/gcc/9/gcc/x86_64-apple-darwin19/9.2.0/include;/usr/local/Cellar/gcc/9.2.0_1/lib/gcc/9/gcc/x86_64-apple-darwin19/9.2.0/include-fixed;/Library/Developer/CommandLineTools/SDKs/MacOSX10.15.sdk/usr/include;/Library/Developer/CommandLineTools/SDKs/MacOSX10.15.sdk/System/Library/Frameworks]


Parsed CXX implicit link information from above output:
  link line regex: [^( *|.*[/\])(ld|CMAKE_LINK_STARTFILE-NOTFOUND|([^/\]+-)?ld|collect2)[^/\]*( |$)]
  ignore line: [Change Dir: /Users/maksimtrunnikov/Google Диск/02 programming/03 с++_projects/LEXER/cmake-build-debug/CMakeFiles/CMakeTmp]
  ignore line: []
  ignore line: [Run Build Command(s):/usr/bin/make cmTC_6c25b/fast && /Library/Developer/CommandLineTools/usr/bin/make -f CMakeFiles/cmTC_6c25b.dir/build.make CMakeFiles/cmTC_6c25b.dir/build]
  ignore line: [Building CXX object CMakeFiles/cmTC_6c25b.dir/CMakeCXXCompilerABI.cpp.o]
  ignore line: [/usr/local/Cellar/gcc/9.2.0_1/bin/g++-9    -isysroot /Library/Developer/CommandLineTools/SDKs/MacOSX10.15.sdk   -v -Wl,-v -o CMakeFiles/cmTC_6c25b.dir/CMakeCXXCompilerABI.cpp.o -c /Applications/CLion.app/Contents/bin/cmake/mac/share/cmake-3.15/Modules/CMakeCXXCompilerABI.cpp]
  ignore line: [Using built-in specs.]
  ignore line: [COLLECT_GCC=/usr/local/Cellar/gcc/9.2.0_1/bin/g++-9]
  ignore line: [Target: x86_64-apple-darwin19]
  ignore line: [Configured with: ../configure --build=x86_64-apple-darwin19 --prefix=/usr/local/Cellar/gcc/9.2.0_1 --libdir=/usr/local/Cellar/gcc/9.2.0_1/lib/gcc/9 --disable-nls --enable-checking=release --enable-languages=c,c++,objc,obj-c++,fortran --program-suffix=-9 --with-gmp=/usr/local/opt/gmp --with-mpfr=/usr/local/opt/mpfr --with-mpc=/usr/local/opt/libmpc --with-isl=/usr/local/opt/isl --with-system-zlib --with-pkgversion='Homebrew GCC 9.2.0_1' --with-bugurl=https://github.com/Homebrew/homebrew-core/issues --disable-multilib --with-native-system-header-dir=/usr/include --with-sysroot=/Library/Developer/CommandLineTools/SDKs/MacOSX.sdk]
  ignore line: [Thread model: posix]
  ignore line: [gcc version 9.2.0 (Homebrew GCC 9.2.0_1) ]
  ignore line: [COLLECT_GCC_OPTIONS='-isysroot' '/Library/Developer/CommandLineTools/SDKs/MacOSX10.15.sdk' '-v' '-o' 'CMakeFiles/cmTC_6c25b.dir/CMakeCXXCompilerABI.cpp.o' '-c' '-mmacosx-version-min=10.15.0' '-asm_macosx_version_min=10.15' '-shared-libgcc' '-mtune=core2']
  ignore line: [ /usr/local/Cellar/gcc/9.2.0_1/libexec/gcc/x86_64-apple-darwin19/9.2.0/cc1plus -quiet -v -D__DYNAMIC__ -isysroot /Library/Developer/CommandLineTools/SDKs/MacOSX10.15.sdk /Applications/CLion.app/Contents/bin/cmake/mac/share/cmake-3.15/Modules/CMakeCXXCompilerABI.cpp -fPIC -quiet -dumpbase CMakeCXXCompilerABI.cpp -mmacosx-version-min=10.15.0 -mtune=core2 -auxbase-strip CMakeFiles/cmTC_6c25b.dir/CMakeCXXCompilerABI.cpp.o -version -o /var/folders/dj/v69509fd38lcz7_7pn4sf6yr0000gn/T//cca2nxP0.s]
  ignore line: [GNU C++14 (Homebrew GCC 9.2.0_1) version 9.2.0 (x86_64-apple-darwin19)]
  ignore line: [	compiled by GNU C version 9.2.0, GMP version 6.1.2, MPFR version 4.0.2, MPC version 1.1.0, isl version isl-0.21-GMP]
  ignore line: []
  ignore line: [GGC heuristics: --param ggc-min-expand=100 --param ggc-min-heapsize=131072]
  ignore line: [ignoring nonexistent directory "/Library/Developer/CommandLineTools/SDKs/MacOSX10.15.sdk/usr/local/include"]
  ignore line: [ignoring nonexistent directory "/usr/local/Cellar/gcc/9.2.0_1/lib/gcc/9/gcc/x86_64-apple-darwin19/9.2.0/../../../../../../x86_64-apple-darwin19/include"]
  ignore line: [ignoring nonexistent directory "/Library/Developer/CommandLineTools/SDKs/MacOSX10.15.sdk/Library/Frameworks"]
  ignore line: [#include "..." search starts here:]
  ignore line: [#include <...> search starts here:]
  ignore line: [ /usr/local/Cellar/gcc/9.2.0_1/lib/gcc/9/gcc/x86_64-apple-darwin19/9.2.0/../../../../../../include/c++/9.2.0]
  ignore line: [ /usr/local/Cellar/gcc/9.2.0_1/lib/gcc/9/gcc/x86_64-apple-darwin19/9.2.0/../../../../../../include/c++/9.2.0/x86_64-apple-darwin19]
  ignore line: [ /usr/local/Cellar/gcc/9.2.0_1/lib/gcc/9/gcc/x86_64-apple-darwin19/9.2.0/../../../../../../include/c++/9.2.0/backward]
  ignore line: [ /usr/local/Cellar/gcc/9.2.0_1/lib/gcc/9/gcc/x86_64-apple-darwin19/9.2.0/include]
  ignore line: [ /usr/local/Cellar/gcc/9.2.0_1/lib/gcc/9/gcc/x86_64-apple-darwin19/9.2.0/include-fixed]
  ignore line: [ /Library/Developer/CommandLineTools/SDKs/MacOSX10.15.sdk/usr/include]
  ignore line: [ /Library/Developer/CommandLineTools/SDKs/MacOSX10.15.sdk/System/Library/Frameworks]
  ignore line: [End of search list.]
  ignore line: [GNU C++14 (Homebrew GCC 9.2.0_1) version 9.2.0 (x86_64-apple-darwin19)]
  ignore line: [	compiled by GNU C version 9.2.0, GMP version 6.1.2, MPFR version 4.0.2, MPC version 1.1.0, isl version isl-0.21-GMP]
  ignore line: []
  ignore line: [GGC heuristics: --param ggc-min-expand=100 --param ggc-min-heapsize=131072]
  ignore line: [Compiler executable checksum: a16b30ce41f29dc0a91ee490652744d7]
  ignore line: [COLLECT_GCC_OPTIONS='-isysroot' '/Library/Developer/CommandLineTools/SDKs/MacOSX10.15.sdk' '-v' '-o' 'CMakeFiles/cmTC_6c25b.dir/CMakeCXXCompilerABI.cpp.o' '-c' '-mmacosx-version-min=10.15.0'  '-shared-libgcc' '-mtune=core2']
  ignore line: [ as -arch x86_64 -v -force_cpusubtype_ALL -mmacosx-version-min=10.15 -o CMakeFiles/cmTC_6c25b.dir/CMakeCXXCompilerABI.cpp.o /var/folders/dj/v69509fd38lcz7_7pn4sf6yr0000gn/T//cca2nxP0.s]
  ignore line: [Apple clang version 11.0.0 (clang-1100.0.33.8)]
  ignore line: [Target: x86_64-apple-darwin19.0.0]
  ignore line: [Thread model: posix]
  ignore line: [InstalledDir: /Library/Developer/CommandLineTools/usr/bin]
  ignore line: [ "/Library/Developer/CommandLineTools/usr/bin/clang" -cc1as -triple x86_64-apple-macosx10.15.0 -filetype obj -main-file-name cca2nxP0.s -target-cpu penryn -fdebug-compilation-dir /Users/maksimtrunnikov/Google Диск/02 programming/03 с++_projects/LEXER/cmake-build-debug/CMakeFiles/CMakeTmp -dwarf-debug-producer Apple clang version 11.0.0 (clang-1100.0.33.8) -dwarf-version=4 -mrelocation-model pic -o CMakeFiles/cmTC_6c25b.dir/CMakeCXXCompilerABI.cpp.o /var/folders/dj/v69509fd38lcz7_7pn4sf6yr0000gn/T//cca2nxP0.s]
  ignore line: [COMPILER_PATH=/usr/local/Cellar/gcc/9.2.0_1/libexec/gcc/x86_64-apple-darwin19/9.2.0/:/usr/local/Cellar/gcc/9.2.0_1/libexec/gcc/x86_64-apple-darwin19/9.2.0/:/usr/local/Cellar/gcc/9.2.0_1/libexec/gcc/x86_64-apple-darwin19/:/usr/local/Cellar/gcc/9.2.0_1/lib/gcc/9/gcc/x86_64-apple-darwin19/9.2.0/:/usr/local/Cellar/gcc/9.2.0_1/lib/gcc/9/gcc/x86_64-apple-darwin19/]
  ignore line: [LIBRARY_PATH=/usr/local/Cellar/gcc/9.2.0_1/lib/gcc/9/gcc/x86_64-apple-darwin19/9.2.0/:/usr/local/Cellar/gcc/9.2.0_1/lib/gcc/9/gcc/x86_64-apple-darwin19/9.2.0/../../../]
  ignore line: [COLLECT_GCC_OPTIONS='-isysroot' '/Library/Developer/CommandLineTools/SDKs/MacOSX10.15.sdk' '-v' '-o' 'CMakeFiles/cmTC_6c25b.dir/CMakeCXXCompilerABI.cpp.o' '-c' '-mmacosx-version-min=10.15.0'  '-shared-libgcc' '-mtune=core2']
  ignore line: [Linking CXX executable cmTC_6c25b]
  ignore line: [/Applications/CLion.app/Contents/bin/cmake/mac/bin/cmake -E cmake_link_script CMakeFiles/cmTC_6c25b.dir/link.txt --verbose=1]
  ignore line: [/usr/local/Cellar/gcc/9.2.0_1/bin/g++-9    -isysroot /Library/Developer/CommandLineTools/SDKs/MacOSX10.15.sdk -Wl,-search_paths_first -Wl,-headerpad_max_install_names  -v -Wl,-v CMakeFiles/cmTC_6c25b.dir/CMakeCXXCompilerABI.cpp.o  -o cmTC_6c25b ]
  ignore line: [Using built-in specs.]
  ignore line: [COLLECT_GCC=/usr/local/Cellar/gcc/9.2.0_1/bin/g++-9]
  ignore line: [COLLECT_LTO_WRAPPER=/usr/local/Cellar/gcc/9.2.0_1/libexec/gcc/x86_64-apple-darwin19/9.2.0/lto-wrapper]
  ignore line: [Target: x86_64-apple-darwin19]
  ignore line: [Configured with: ../configure --build=x86_64-apple-darwin19 --prefix=/usr/local/Cellar/gcc/9.2.0_1 --libdir=/usr/local/Cellar/gcc/9.2.0_1/lib/gcc/9 --disable-nls --enable-checking=release --enable-languages=c,c++,objc,obj-c++,fortran --program-suffix=-9 --with-gmp=/usr/local/opt/gmp --with-mpfr=/usr/local/opt/mpfr --with-mpc=/usr/local/opt/libmpc --with-isl=/usr/local/opt/isl --with-system-zlib --with-pkgversion='Homebrew GCC 9.2.0_1' --with-bugurl=https://github.com/Homebrew/homebrew-core/issues --disable-multilib --with-native-system-header-dir=/usr/include --with-sysroot=/Library/Developer/CommandLineTools/SDKs/MacOSX.sdk]
  ignore line: [Thread model: posix]
  ignore line: [gcc version 9.2.0 (Homebrew GCC 9.2.0_1) ]
  ignore line: [COMPILER_PATH=/usr/local/Cellar/gcc/9.2.0_1/libexec/gcc/x86_64-apple-darwin19/9.2.0/:/usr/local/Cellar/gcc/9.2.0_1/libexec/gcc/x86_64-apple-darwin19/9.2.0/:/usr/local/Cellar/gcc/9.2.0_1/libexec/gcc/x86_64-apple-darwin19/:/usr/local/Cellar/gcc/9.2.0_1/lib/gcc/9/gcc/x86_64-apple-darwin19/9.2.0/:/usr/local/Cellar/gcc/9.2.0_1/lib/gcc/9/gcc/x86_64-apple-darwin19/]
  ignore line: [LIBRARY_PATH=/usr/local/Cellar/gcc/9.2.0_1/lib/gcc/9/gcc/x86_64-apple-darwin19/9.2.0/:/usr/local/Cellar/gcc/9.2.0_1/lib/gcc/9/gcc/x86_64-apple-darwin19/9.2.0/../../../]
  ignore line: [COLLECT_GCC_OPTIONS='-isysroot' '/Library/Developer/CommandLineTools/SDKs/MacOSX10.15.sdk' '-v' '-o' 'cmTC_6c25b' '-mmacosx-version-min=10.15.0' '-asm_macosx_version_min=10.15' '-shared-libgcc' '-mtune=core2']
  link line: [ /usr/local/Cellar/gcc/9.2.0_1/libexec/gcc/x86_64-apple-darwin19/9.2.0/collect2 -dynamic -arch x86_64 -macosx_version_min 10.15.0 -syslibroot /Library/Developer/CommandLineTools/SDKs/MacOSX10.15.sdk -weak_reference_mismatches non-weak -o cmTC_6c25b -L/usr/local/Cellar/gcc/9.2.0_1/lib/gcc/9/gcc/x86_64-apple-darwin19/9.2.0 -L/usr/local/Cellar/gcc/9.2.0_1/lib/gcc/9/gcc/x86_64-apple-darwin19/9.2.0/../../.. -search_paths_first -headerpad_max_install_names -v CMakeFiles/cmTC_6c25b.dir/CMakeCXXCompilerABI.cpp.o -lstdc++ -no_compact_unwind -lSystem -lgcc_ext.10.5 -lgcc -lSystem -v]
    arg [/usr/local/Cellar/gcc/9.2.0_1/libexec/gcc/x86_64-apple-darwin19/9.2.0/collect2] ==> ignore
    arg [-dynamic] ==> ignore
    arg [-arch] ==> ignore
    arg [x86_64] ==> ignore
    arg [-macosx_version_min] ==> ignore
    arg [10.15.0] ==> ignore
    arg [-syslibroot] ==> ignore
    arg [/Library/Developer/CommandLineTools/SDKs/MacOSX10.15.sdk] ==> ignore
    arg [-weak_reference_mismatches] ==> ignore
    arg [non-weak] ==> ignore
    arg [-o] ==> ignore
    arg [cmTC_6c25b] ==> ignore
    arg [-L/usr/local/Cellar/gcc/9.2.0_1/lib/gcc/9/gcc/x86_64-apple-darwin19/9.2.0] ==> dir [/usr/local/Cellar/gcc/9.2.0_1/lib/gcc/9/gcc/x86_64-apple-darwin19/9.2.0]
    arg [-L/usr/local/Cellar/gcc/9.2.0_1/lib/gcc/9/gcc/x86_64-apple-darwin19/9.2.0/../../..] ==> dir [/usr/local/Cellar/gcc/9.2.0_1/lib/gcc/9/gcc/x86_64-apple-darwin19/9.2.0/../../..]
    arg [-search_paths_first] ==> ignore
    arg [-headerpad_max_install_names] ==> ignore
    arg [-v] ==> ignore
    arg [CMakeFiles/cmTC_6c25b.dir/CMakeCXXCompilerABI.cpp.o] ==> ignore
    arg [-lstdc++] ==> lib [stdc++]
    arg [-no_compact_unwind] ==> ignore
    arg [-lSystem] ==> lib [System]
    arg [-lgcc_ext.10.5] ==> lib [gcc_ext.10.5]
    arg [-lgcc] ==> lib [gcc]
    arg [-lSystem] ==> lib [System]
    arg [-v] ==> ignore
  Library search paths: [;/usr/local/Cellar/gcc/9.2.0_1/lib/gcc/9/gcc/x86_64-apple-darwin19/9.2.0;/usr/local/Cellar/gcc/9.2.0_1/lib/gcc/9;/Library/Developer/CommandLineTools/SDKs/MacOSX10.15.sdk/usr/lib]
  Framework search paths: [;/Library/Developer/CommandLineTools/SDKs/MacOSX10.15.sdk/System/Library/Frameworks/]
  remove lib [System]
  remove lib [System]
  collapse library dir [/usr/local/Cellar/gcc/9.2.0_1/lib/gcc/9/gcc/x86_64-apple-darwin19/9.2.0] ==> [/usr/local/Cellar/gcc/9.2.0_1/lib/gcc/9/gcc/x86_64-apple-darwin19/9.2.0]
  collapse library dir [/usr/local/Cellar/gcc/9.2.0_1/lib/gcc/9/gcc/x86_64-apple-darwin19/9.2.0/../../..] ==> [/usr/local/Cellar/gcc/9.2.0_1/lib/gcc/9]
  collapse library dir [/usr/local/Cellar/gcc/9.2.0_1/lib/gcc/9/gcc/x86_64-apple-darwin19/9.2.0] ==> [/usr/local/Cellar/gcc/9.2.0_1/lib/gcc/9/gcc/x86_64-apple-darwin19/9.2.0]
  collapse library dir [/usr/local/Cellar/gcc/9.2.0_1/lib/gcc/9] ==> [/usr/local/Cellar/gcc/9.2.0_1/lib/gcc/9]
  collapse library dir [/Library/Developer/CommandLineTools/SDKs/MacOSX10.15.sdk/usr/lib] ==> [/Library/Developer/CommandLineTools/SDKs/MacOSX10.15.sdk/usr/lib]
  collapse framework dir [/Library/Developer/CommandLineTools/SDKs/MacOSX10.15.sdk/System/Library/Frameworks/] ==> [/Library/Developer/CommandLineTools/SDKs/MacOSX10.15.sdk/System/Library/Frameworks]
  implicit libs: [stdc++;gcc_ext.10.5;gcc]
  implicit dirs: [/usr/local/Cellar/gcc/9.2.0_1/lib/gcc/9/gcc/x86_64-apple-darwin19/9.2.0;/usr/local/Cellar/gcc/9.2.0_1/lib/gcc/9;/Library/Developer/CommandLineTools/SDKs/MacOSX10.15.sdk/usr/lib]
  implicit fwks: [/Library/Developer/CommandLineTools/SDKs/MacOSX10.15.sdk/System/Library/Frameworks]


